<<<<<<< HEAD
﻿Build started 5/30/2015 2:09:43 PM.
     1>Project "C:\Users\John\Projects\J4Y1450-Tutorials\VCproject\J4Y1450-Tutorials.vcxproj" on node 2 (Build target(s)).
=======
﻿Build started 30/05/2015 2:14:52 PM.
     1>Project "C:\Users\J4Y1450\Projects\J4Y1450-Tutorials\VCproject\J4Y1450-Tutorials.vcxproj" on node 2 (Build target(s)).
>>>>>>> 4aa91d8547837e50dc76386a48167d74bc8baf89
     1>ClCompile:
         C:\Program Files (x86)\Microsoft Visual Studio 11.0\VC\bin\CL.exe /c /ZI /nologo /W3 /WX- /sdl /Od /Oy- /D _MBCS /Gm /EHsc /RTC1 /MDd /GS /fp:precise /Zc:wchar_t /Zc:forScope /Fo"Debug\\" /Fd"Debug\vc110.pdb" /Gd /TP /analyze- /errorReport:prompt ..\src\main.cpp
         main.cpp
       Link:
<<<<<<< HEAD
         C:\Program Files (x86)\Microsoft Visual Studio 11.0\VC\bin\link.exe /ERRORREPORT:PROMPT /OUT:"C:\Users\John\Projects\J4Y1450-Tutorials\VCproject\Debug\J4Y1450-Tutorials.exe" /INCREMENTAL /NOLOGO kernel32.lib user32.lib gdi32.lib winspool.lib comdlg32.lib advapi32.lib shell32.lib ole32.lib oleaut32.lib uuid.lib odbc32.lib odbccp32.lib /MANIFEST /MANIFESTUAC:"level='asInvoker' uiAccess='false'" /manifest:embed /DEBUG /PDB:"C:\Users\John\Projects\J4Y1450-Tutorials\VCproject\Debug\J4Y1450-Tutorials.pdb" /TLBID:1 /DYNAMICBASE /NXCOMPAT /IMPLIB:"C:\Users\John\Projects\J4Y1450-Tutorials\VCproject\Debug\J4Y1450-Tutorials.lib" /MACHINE:X86 Debug\main.obj
         LINK : C:\Users\John\Projects\J4Y1450-Tutorials\VCproject\Debug\J4Y1450-Tutorials.exe not found or not built by the last incremental link; performing full link
         J4Y1450-Tutorials.vcxproj -> C:\Users\John\Projects\J4Y1450-Tutorials\VCproject\Debug\J4Y1450-Tutorials.exe
     1>Done Building Project "C:\Users\John\Projects\J4Y1450-Tutorials\VCproject\J4Y1450-Tutorials.vcxproj" (Build target(s)).

Build succeeded.

Time Elapsed 00:00:00.76
=======
         C:\Program Files (x86)\Microsoft Visual Studio 11.0\VC\bin\link.exe /ERRORREPORT:PROMPT /OUT:"C:\Users\J4Y1450\Projects\J4Y1450-Tutorials\VCproject\Debug\J4Y1450-Tutorials.exe" /INCREMENTAL /NOLOGO kernel32.lib user32.lib gdi32.lib winspool.lib comdlg32.lib advapi32.lib shell32.lib ole32.lib oleaut32.lib uuid.lib odbc32.lib odbccp32.lib /MANIFEST /MANIFESTUAC:"level='asInvoker' uiAccess='false'" /manifest:embed /DEBUG /PDB:"C:\Users\J4Y1450\Projects\J4Y1450-Tutorials\VCproject\Debug\J4Y1450-Tutorials.pdb" /TLBID:1 /DYNAMICBASE /NXCOMPAT /IMPLIB:"C:\Users\J4Y1450\Projects\J4Y1450-Tutorials\VCproject\Debug\J4Y1450-Tutorials.lib" /MACHINE:X86 Debug\main.obj
         J4Y1450-Tutorials.vcxproj -> C:\Users\J4Y1450\Projects\J4Y1450-Tutorials\VCproject\Debug\J4Y1450-Tutorials.exe
     1>Done Building Project "C:\Users\J4Y1450\Projects\J4Y1450-Tutorials\VCproject\J4Y1450-Tutorials.vcxproj" (Build target(s)).

Build succeeded.

Time Elapsed 00:00:01.34
>>>>>>> 4aa91d8547837e50dc76386a48167d74bc8baf89
